<?xml version="1.0" encoding="UTF-8"?>
<testsuite name="com.fstn.AppTest" tests="1" skipped="0" failures="0" errors="0" timestamp="2016-02-23T16:35:17" hostname="CLISZA" time="0.001">
  <properties/>
  <testcase name="testApp" classname="com.fstn.AppTest" time="0.001"/>
  <system-out><![CDATA[]]></system-out>
  <system-err><![CDATA[]]></system-err>
</testsuite>
